<?xml version="1.0" encoding="UTF-8"?>
<testng-results ignored="0" total="1" passed="1" failed="0" skipped="0">
  <reporter-output>
  </reporter-output>
  <suite started-at="2019-04-21T10:32:23Z" name="Default suite" finished-at="2019-04-21T10:32:27Z" duration-ms="3875">
    <groups>
    </groups>
    <test started-at="2019-04-21T10:32:23Z" name="Default test" finished-at="2019-04-21T10:32:27Z" duration-ms="3875">
      <class name="com.scenarios.warehouse.SC_02_Marvel_API_Creator_TestCases">
        <test-method signature="verifyCreator_ParticularComics()[pri:0, instance:com.scenarios.warehouse.SC_02_Marvel_API_Creator_TestCases@757277dc]" started-at="2019-04-21T10:32:23Z" name="verifyCreator_ParticularComics" finished-at="2019-04-21T10:32:27Z" duration-ms="3833" status="PASS">
          <reporter-output>
          </reporter-output>
        </test-method> <!-- verifyCreator_ParticularComics -->
      </class> <!-- com.scenarios.warehouse.SC_02_Marvel_API_Creator_TestCases -->
    </test> <!-- Default test -->
  </suite> <!-- Default suite -->
</testng-results>
